<?xml version="1.0" encoding="UTF-8" ?>
<testsuite errors="0" failures="0" hostname="DESKTOP-8B3U1DS" name="es.uvigo.esei.dai.hybridserver.HybridServerSecondReleaseTestSuite" skipped="0" tests="239" time="537.151" timestamp="2018-01-04T23:36:19">
  <properties>
[...]
</properties>
  <testcase classname="es.uvigo.esei.dai.hybridserver.week1.WelcomePageTest" name="testMultipleWelcome" time="0.482" />
  <testcase classname="es.uvigo.esei.dai.hybridserver.week1.WelcomePageTest" name="testWelcome" time="0.008" />
  <testcase classname="es.uvigo.esei.dai.hybridserver.week1.HTTPBadRequestsTest" name="test[Missing method]" time="0.0" />
  <testcase classname="es.uvigo.esei.dai.hybridserver.week1.HTTPBadRequestsTest" name="test[Missing resource]" time="0.001" />
  <testcase classname="es.uvigo.esei.dai.hybridserver.week1.HTTPBadRequestsTest" name="test[Missing version]" time="0.0" />
  <testcase classname="es.uvigo.esei.dai.hybridserver.week1.HTTPBadRequestsTest" name="test[Missing first line]" time="0.001" />
  <testcase classname="es.uvigo.esei.dai.hybridserver.week1.HTTPBadRequestsTest" name="test[Invalid header]" time="0.0" />
  <testcase classname="es.uvigo.esei.dai.hybridserver.week1.HTTPBadRequestsTest" name="test[Missing new line after header]" time="0.0" />
  <testcase classname="es.uvigo.esei.dai.hybridserver.week1.HTTPRequestGETRootTest" name="testGetResourceChain" time="0.002" />
  <testcase classname="es.uvigo.esei.dai.hybridserver.week1.HTTPRequestGETRootTest" name="testToString" time="0.0" />
  <testcase classname="es.uvigo.esei.dai.hybridserver.week1.HTTPRequestGETRootTest" name="testGetHttpVersion" time="0.0" />
  <testcase classname="es.uvigo.esei.dai.hybridserver.week1.HTTPRequestGETRootTest" name="testGetHeaderParameters" time="0.002" />
  <testcase classname="es.uvigo.esei.dai.hybridserver.week1.HTTPRequestGETRootTest" name="testGetResourceName" time="0.001" />
  <testcase classname="es.uvigo.esei.dai.hybridserver.week1.HTTPRequestGETRootTest" name="testGetResourcePath" time="0.0" />
  <testcase classname="es.uvigo.esei.dai.hybridserver.week1.HTTPRequestGETRootTest" name="testGetContent" time="0.0" />
  <testcase classname="es.uvigo.esei.dai.hybridserver.week1.HTTPRequestGETRootTest" name="testGetMethod" time="0.0" />
  <testcase classname="es.uvigo.esei.dai.hybridserver.week1.HTTPRequestGETRootTest" name="testGetContentLength" time="0.0" />
  <testcase classname="es.uvigo.esei.dai.hybridserver.week1.HTTPRequestGETRootTest" name="testGetResourceParameters" time="0.0" />
  <testcase classname="es.uvigo.esei.dai.hybridserver.week1.HTTPRequestGETResourceTest" name="testGetResourceChain" time="0.0" />
  <testcase classname="es.uvigo.esei.dai.hybridserver.week1.HTTPRequestGETResourceTest" name="testToString" time="0.0" />
  <testcase classname="es.uvigo.esei.dai.hybridserver.week1.HTTPRequestGETResourceTest" name="testGetHttpVersion" time="0.0" />
  <testcase classname="es.uvigo.esei.dai.hybridserver.week1.HTTPRequestGETResourceTest" name="testGetHeaderParameters" time="0.001" />
  <testcase classname="es.uvigo.esei.dai.hybridserver.week1.HTTPRequestGETResourceTest" name="testGetResourceName" time="0.0" />
  <testcase classname="es.uvigo.esei.dai.hybridserver.week1.HTTPRequestGETResourceTest" name="testGetResourcePath" time="0.001" />
  <testcase classname="es.uvigo.esei.dai.hybridserver.week1.HTTPRequestGETResourceTest" name="testGetContent" time="0.0" />
  <testcase classname="es.uvigo.esei.dai.hybridserver.week1.HTTPRequestGETResourceTest" name="testGetMethod" time="0.0" />
  <testcase classname="es.uvigo.esei.dai.hybridserver.week1.HTTPRequestGETResourceTest" name="testGetContentLength" time="0.0" />
  <testcase classname="es.uvigo.esei.dai.hybridserver.week1.HTTPRequestGETResourceTest" name="testGetResourceParameters" time="0.0" />
  <testcase classname="es.uvigo.esei.dai.hybridserver.week1.HTTPRequestGETResourcesTest" name="testGetResourceChain" time="0.0" />
  <testcase classname="es.uvigo.esei.dai.hybridserver.week1.HTTPRequestGETResourcesTest" name="testToString" time="0.001" />
  <testcase classname="es.uvigo.esei.dai.hybridserver.week1.HTTPRequestGETResourcesTest" name="testGetHttpVersion" time="0.0" />
  <testcase classname="es.uvigo.esei.dai.hybridserver.week1.HTTPRequestGETResourcesTest" name="testGetHeaderParameters" time="0.0" />
  <testcase classname="es.uvigo.esei.dai.hybridserver.week1.HTTPRequestGETResourcesTest" name="testGetResourceName" time="0.0" />
  <testcase classname="es.uvigo.esei.dai.hybridserver.week1.HTTPRequestGETResourcesTest" name="testGetResourcePath" time="0.001" />
  <testcase classname="es.uvigo.esei.dai.hybridserver.week1.HTTPRequestGETResourcesTest" name="testGetContent" time="0.0" />
  <testcase classname="es.uvigo.esei.dai.hybridserver.week1.HTTPRequestGETResourcesTest" name="testGetMethod" time="0.0" />
  <testcase classname="es.uvigo.esei.dai.hybridserver.week1.HTTPRequestGETResourcesTest" name="testGetContentLength" time="0.0" />
  <testcase classname="es.uvigo.esei.dai.hybridserver.week1.HTTPRequestGETResourcesTest" name="testGetResourceParameters" time="0.001" />
  <testcase classname="es.uvigo.esei.dai.hybridserver.week1.HTTPRequestGETParametersTest" name="testGetResourceChain" time="0.0" />
  <testcase classname="es.uvigo.esei.dai.hybridserver.week1.HTTPRequestGETParametersTest" name="testToString" time="0.001" />
  <testcase classname="es.uvigo.esei.dai.hybridserver.week1.HTTPRequestGETParametersTest" name="testGetHttpVersion" time="0.0" />
  <testcase classname="es.uvigo.esei.dai.hybridserver.week1.HTTPRequestGETParametersTest" name="testGetHeaderParameters" time="0.0" />
  <testcase classname="es.uvigo.esei.dai.hybridserver.week1.HTTPRequestGETParametersTest" name="testGetResourceName" time="0.0" />
  <testcase classname="es.uvigo.esei.dai.hybridserver.week1.HTTPRequestGETParametersTest" name="testGetResourcePath" time="0.001" />
  <testcase classname="es.uvigo.esei.dai.hybridserver.week1.HTTPRequestGETParametersTest" name="testGetContent" time="0.0" />
  <testcase classname="es.uvigo.esei.dai.hybridserver.week1.HTTPRequestGETParametersTest" name="testGetMethod" time="0.0" />
  <testcase classname="es.uvigo.esei.dai.hybridserver.week1.HTTPRequestGETParametersTest" name="testGetContentLength" time="0.0" />
  <testcase classname="es.uvigo.esei.dai.hybridserver.week1.HTTPRequestGETParametersTest" name="testGetResourceParameters" time="0.001" />
  <testcase classname="es.uvigo.esei.dai.hybridserver.week1.HTTPRequestPOSTOneParameterTest" name="testGetResourceChain" time="0.0" />
  <testcase classname="es.uvigo.esei.dai.hybridserver.week1.HTTPRequestPOSTOneParameterTest" name="testToString" time="0.0" />
  <testcase classname="es.uvigo.esei.dai.hybridserver.week1.HTTPRequestPOSTOneParameterTest" name="testGetHttpVersion" time="0.0" />
  <testcase classname="es.uvigo.esei.dai.hybridserver.week1.HTTPRequestPOSTOneParameterTest" name="testGetHeaderParameters" time="0.0" />
  <testcase classname="es.uvigo.esei.dai.hybridserver.week1.HTTPRequestPOSTOneParameterTest" name="testGetResourceName" time="0.0" />
  <testcase classname="es.uvigo.esei.dai.hybridserver.week1.HTTPRequestPOSTOneParameterTest" name="testGetResourcePath" time="0.0" />
  <testcase classname="es.uvigo.esei.dai.hybridserver.week1.HTTPRequestPOSTOneParameterTest" name="testGetContent" time="0.0" />
  <testcase classname="es.uvigo.esei.dai.hybridserver.week1.HTTPRequestPOSTOneParameterTest" name="testGetMethod" time="0.0" />
  <testcase classname="es.uvigo.esei.dai.hybridserver.week1.HTTPRequestPOSTOneParameterTest" name="testGetContentLength" time="0.0" />
  <testcase classname="es.uvigo.esei.dai.hybridserver.week1.HTTPRequestPOSTOneParameterTest" name="testGetResourceParameters" time="0.001" />
  <testcase classname="es.uvigo.esei.dai.hybridserver.week1.HTTPRequestPOSTMultipleParametersTest" name="testGetResourceChain" time="0.0" />
  <testcase classname="es.uvigo.esei.dai.hybridserver.week1.HTTPRequestPOSTMultipleParametersTest" name="testToString" time="0.0" />
  <testcase classname="es.uvigo.esei.dai.hybridserver.week1.HTTPRequestPOSTMultipleParametersTest" name="testGetHttpVersion" time="0.0" />
  <testcase classname="es.uvigo.esei.dai.hybridserver.week1.HTTPRequestPOSTMultipleParametersTest" name="testGetHeaderParameters" time="0.0" />
  <testcase classname="es.uvigo.esei.dai.hybridserver.week1.HTTPRequestPOSTMultipleParametersTest" name="testGetResourceName" time="0.0" />
  <testcase classname="es.uvigo.esei.dai.hybridserver.week1.HTTPRequestPOSTMultipleParametersTest" name="testGetResourcePath" time="0.0" />
  <testcase classname="es.uvigo.esei.dai.hybridserver.week1.HTTPRequestPOSTMultipleParametersTest" name="testGetContent" time="0.0" />
  <testcase classname="es.uvigo.esei.dai.hybridserver.week1.HTTPRequestPOSTMultipleParametersTest" name="testGetMethod" time="0.0" />
  <testcase classname="es.uvigo.esei.dai.hybridserver.week1.HTTPRequestPOSTMultipleParametersTest" name="testGetContentLength" time="0.0" />
  <testcase classname="es.uvigo.esei.dai.hybridserver.week1.HTTPRequestPOSTMultipleParametersTest" name="testGetResourceParameters" time="0.0" />
  <testcase classname="es.uvigo.esei.dai.hybridserver.week1.HTTPRequestPOSTEncodedTest" name="testGetResourceChain" time="0.001" />
  <testcase classname="es.uvigo.esei.dai.hybridserver.week1.HTTPRequestPOSTEncodedTest" name="testToString" time="0.0" />
  <testcase classname="es.uvigo.esei.dai.hybridserver.week1.HTTPRequestPOSTEncodedTest" name="testGetHttpVersion" time="0.0" />
  <testcase classname="es.uvigo.esei.dai.hybridserver.week1.HTTPRequestPOSTEncodedTest" name="testGetHeaderParameters" time="0.0" />
  <testcase classname="es.uvigo.esei.dai.hybridserver.week1.HTTPRequestPOSTEncodedTest" name="testGetResourceName" time="0.0" />
  <testcase classname="es.uvigo.esei.dai.hybridserver.week1.HTTPRequestPOSTEncodedTest" name="testGetResourcePath" time="0.0" />
  <testcase classname="es.uvigo.esei.dai.hybridserver.week1.HTTPRequestPOSTEncodedTest" name="testGetContent" time="0.0" />
  <testcase classname="es.uvigo.esei.dai.hybridserver.week1.HTTPRequestPOSTEncodedTest" name="testGetMethod" time="0.0" />
  <testcase classname="es.uvigo.esei.dai.hybridserver.week1.HTTPRequestPOSTEncodedTest" name="testGetContentLength" time="0.0" />
  <testcase classname="es.uvigo.esei.dai.hybridserver.week1.HTTPRequestPOSTEncodedTest" name="testGetResourceParameters" time="0.001" />
  <testcase classname="es.uvigo.esei.dai.hybridserver.week1.HTTPResponseNoContentTest" name="testPrint" time="0.0" />
  <testcase classname="es.uvigo.esei.dai.hybridserver.week1.HTTPResponseNoContentWithHeadersTest" name="testPrint" time="0.0" />
  <testcase classname="es.uvigo.esei.dai.hybridserver.week1.HTTPResponseTest" name="testPrint" time="0.001" />
  <testcase classname="es.uvigo.esei.dai.hybridserver.week1.HTTPResponseWithHeadersTest" name="testPrint" time="0.0" />
  <testcase classname="es.uvigo.esei.dai.hybridserver.week3.CustomPortTest" name="testMultipleWelcome[0]" time="0.012" />
  <testcase classname="es.uvigo.esei.dai.hybridserver.week3.CustomPortTest" name="testWelcome[0]" time="0.002" />
  <testcase classname="es.uvigo.esei.dai.hybridserver.week3.CustomPortTest" name="testMultipleWelcome[1]" time="0.01" />
  <testcase classname="es.uvigo.esei.dai.hybridserver.week3.CustomPortTest" name="testWelcome[1]" time="0.002" />
  <testcase classname="es.uvigo.esei.dai.hybridserver.week3.CustomPortTest" name="testMultipleWelcome[2]" time="0.01" />
  <testcase classname="es.uvigo.esei.dai.hybridserver.week3.CustomPortTest" name="testWelcome[2]" time="0.003" />
  <testcase classname="es.uvigo.esei.dai.hybridserver.week3.CustomPortTest" name="testMultipleWelcome[3]" time="0.011" />
  <testcase classname="es.uvigo.esei.dai.hybridserver.week3.CustomPortTest" name="testWelcome[3]" time="0.001" />
  <testcase classname="es.uvigo.esei.dai.hybridserver.week3.CustomPortTest" name="testMultipleWelcome[4]" time="0.009" />
  <testcase classname="es.uvigo.esei.dai.hybridserver.week3.CustomPortTest" name="testWelcome[4]" time="0.002" />
  <testcase classname="es.uvigo.esei.dai.hybridserver.week3.CustomPortTest" name="testMultipleWelcome[5]" time="0.015" />
  <testcase classname="es.uvigo.esei.dai.hybridserver.week3.CustomPortTest" name="testWelcome[5]" time="0.002" />
  <testcase classname="es.uvigo.esei.dai.hybridserver.week3.CustomPortTest" name="testMultipleWelcome[6]" time="0.01" />
  <testcase classname="es.uvigo.esei.dai.hybridserver.week3.CustomPortTest" name="testWelcome[6]" time="0.001" />
  <testcase classname="es.uvigo.esei.dai.hybridserver.week3.CustomPortTest" name="testMultipleWelcome[7]" time="0.008" />
  <testcase classname="es.uvigo.esei.dai.hybridserver.week3.CustomPortTest" name="testWelcome[7]" time="0.002" />
  <testcase classname="es.uvigo.esei.dai.hybridserver.week3.CustomPortTest" name="testMultipleWelcome[8]" time="0.009" />
  <testcase classname="es.uvigo.esei.dai.hybridserver.week3.CustomPortTest" name="testWelcome[8]" time="0.001" />
  <testcase classname="es.uvigo.esei.dai.hybridserver.week3.CustomPortTest" name="testMultipleWelcome[9]" time="0.009" />
  <testcase classname="es.uvigo.esei.dai.hybridserver.week3.CustomPortTest" name="testWelcome[9]" time="0.002" />
  <testcase classname="es.uvigo.esei.dai.hybridserver.week3.ClientRequestsWithDatabaseTest" name="testPostInvalidContent" time="0.286" />
  <testcase classname="es.uvigo.esei.dai.hybridserver.week3.ClientRequestsWithDatabaseTest" name="testPost" time="0.064" />
  <testcase classname="es.uvigo.esei.dai.hybridserver.week3.ClientRequestsWithDatabaseTest" name="testGetInvalidResource" time="0.038" />
  <testcase classname="es.uvigo.esei.dai.hybridserver.week3.ClientRequestsWithDatabaseTest" name="testGetInvalidHtmlPage" time="0.041" />
  <testcase classname="es.uvigo.esei.dai.hybridserver.week3.ClientRequestsWithDatabaseTest" name="testGetHtmlList" time="0.065" />
  <testcase classname="es.uvigo.esei.dai.hybridserver.week3.ClientRequestsWithDatabaseTest" name="testDelete" time="0.054" />
  <testcase classname="es.uvigo.esei.dai.hybridserver.week3.ClientRequestsWithDatabaseTest" name="testDeleteNonexistentPage" time="0.037" />
  <testcase classname="es.uvigo.esei.dai.hybridserver.week7.HTMLClientRequestsWithDatabaseTest" name="testGet" time="0.125" />
  <testcase classname="es.uvigo.esei.dai.hybridserver.week7.HTMLClientRequestsWithDatabaseTest" name="testPost" time="0.074" />
  <testcase classname="es.uvigo.esei.dai.hybridserver.week7.HTMLClientRequestsWithDatabaseTest" name="testGetList" time="0.071" />
  <testcase classname="es.uvigo.esei.dai.hybridserver.week7.HTMLClientRequestsWithDatabaseTest" name="testDelete" time="0.078" />
  <testcase classname="es.uvigo.esei.dai.hybridserver.week7.HTMLClientRequestsWithDatabaseTest" name="testDeleteNonexistentPage" time="0.066" />
  <testcase classname="es.uvigo.esei.dai.hybridserver.week7.HTMLClientRequestsWithDatabaseTest" name="testGetInvalidPage" time="0.056" />
  <testcase classname="es.uvigo.esei.dai.hybridserver.week7.XMLClientRequestsWithDatabaseTest" name="testGet" time="0.07" />
  <testcase classname="es.uvigo.esei.dai.hybridserver.week7.XMLClientRequestsWithDatabaseTest" name="testPost" time="0.084" />
  <testcase classname="es.uvigo.esei.dai.hybridserver.week7.XMLClientRequestsWithDatabaseTest" name="testGetList" time="0.082" />
  <testcase classname="es.uvigo.esei.dai.hybridserver.week7.XMLClientRequestsWithDatabaseTest" name="testDelete" time="0.075" />
  <testcase classname="es.uvigo.esei.dai.hybridserver.week7.XMLClientRequestsWithDatabaseTest" name="testDeleteNonexistentPage" time="0.057" />
  <testcase classname="es.uvigo.esei.dai.hybridserver.week7.XMLClientRequestsWithDatabaseTest" name="testGetInvalidPage" time="0.062" />
  <testcase classname="es.uvigo.esei.dai.hybridserver.week7.XSDClientRequestsWithDatabaseTest" name="testGet" time="0.069" />
  <testcase classname="es.uvigo.esei.dai.hybridserver.week7.XSDClientRequestsWithDatabaseTest" name="testPost" time="0.08" />
  <testcase classname="es.uvigo.esei.dai.hybridserver.week7.XSDClientRequestsWithDatabaseTest" name="testGetList" time="0.07" />
  <testcase classname="es.uvigo.esei.dai.hybridserver.week7.XSDClientRequestsWithDatabaseTest" name="testDelete" time="0.068" />
  <testcase classname="es.uvigo.esei.dai.hybridserver.week7.XSDClientRequestsWithDatabaseTest" name="testDeleteNonexistentPage" time="0.057" />
  <testcase classname="es.uvigo.esei.dai.hybridserver.week7.XSDClientRequestsWithDatabaseTest" name="testGetInvalidPage" time="0.055" />
  <testcase classname="es.uvigo.esei.dai.hybridserver.week7.XSLTClientRequestsWithDatabaseTest" name="testPostWithBadXSD" time="0.058" />
  <testcase classname="es.uvigo.esei.dai.hybridserver.week7.XSLTClientRequestsWithDatabaseTest" name="testPost" time="0.069" />
  <testcase classname="es.uvigo.esei.dai.hybridserver.week7.XSLTClientRequestsWithDatabaseTest" name="testPostWithoutXSD" time="0.051" />
  <testcase classname="es.uvigo.esei.dai.hybridserver.week7.XSLTClientRequestsWithDatabaseTest" name="testGet" time="0.069" />
  <testcase classname="es.uvigo.esei.dai.hybridserver.week7.XSLTClientRequestsWithDatabaseTest" name="testGetList" time="0.084" />
  <testcase classname="es.uvigo.esei.dai.hybridserver.week7.XSLTClientRequestsWithDatabaseTest" name="testDelete" time="0.075" />
  <testcase classname="es.uvigo.esei.dai.hybridserver.week7.XSLTClientRequestsWithDatabaseTest" name="testDeleteNonexistentPage" time="0.06" />
  <testcase classname="es.uvigo.esei.dai.hybridserver.week7.XSLTClientRequestsWithDatabaseTest" name="testGetInvalidPage" time="0.055" />
  <testcase classname="es.uvigo.esei.dai.hybridserver.week9.ConvertedXMLTest" name="testInvalidXSLT" time="0.139" />
  <testcase classname="es.uvigo.esei.dai.hybridserver.week9.ConvertedXMLTest" name="testSimpleGet" time="0.072" />
  <testcase classname="es.uvigo.esei.dai.hybridserver.week9.ConvertedXMLTest" name="testInexistantXSLT" time="0.077" />
  <testcase classname="es.uvigo.esei.dai.hybridserver.week9.ConvertedXMLTest" name="testConvertedGet" time="0.3" />
  <testcase classname="es.uvigo.esei.dai.hybridserver.week9.InvalidConvertedXMLTest" name="testSimpleGet" time="0.093" />
  <testcase classname="es.uvigo.esei.dai.hybridserver.week9.InvalidConvertedXMLTest" name="testConvertedGet" time="0.124" />
  <testcase classname="es.uvigo.esei.dai.hybridserver.week9.InvalidXMLConfigurationLoaderTest" name="testLoad[Missing http parameter]" time="0.004" />
  <testcase classname="es.uvigo.esei.dai.hybridserver.week9.InvalidXMLConfigurationLoaderTest" name="testLoad[Missing database configuration]" time="0.003" />
  <testcase classname="es.uvigo.esei.dai.hybridserver.week9.InvalidXMLConfigurationLoaderTest" name="testLoad[Invalid http port number]" time="0.004" />
  <testcase classname="es.uvigo.esei.dai.hybridserver.week9.InvalidXMLConfigurationLoaderTest" name="testLoad[Invalid number of clients]" time="0.003" />
  <testcase classname="es.uvigo.esei.dai.hybridserver.week9.InvalidXMLConfigurationLoaderTest" name="testLoad[Missing attributes in server]" time="0.003" />
  <testcase classname="es.uvigo.esei.dai.hybridserver.week9.XMLConfigurationLoaderTest" name="testLoad" time="0.005" />
  <testcase classname="es.uvigo.esei.dai.hybridserver.week11.WelcomeAndListsMultipleServersTestCase" name="testHtmlList[Hybrid Server 1]" time="1.762" />
  <testcase classname="es.uvigo.esei.dai.hybridserver.week11.WelcomeAndListsMultipleServersTestCase" name="testWelcome[Hybrid Server 1]" time="1.369" />
  <testcase classname="es.uvigo.esei.dai.hybridserver.week11.WelcomeAndListsMultipleServersTestCase" name="testXsltList[Hybrid Server 1]" time="1.472" />
  <testcase classname="es.uvigo.esei.dai.hybridserver.week11.WelcomeAndListsMultipleServersTestCase" name="testXmlList[Hybrid Server 1]" time="1.467" />
  <testcase classname="es.uvigo.esei.dai.hybridserver.week11.WelcomeAndListsMultipleServersTestCase" name="testXsdList[Hybrid Server 1]" time="1.428" />
  <testcase classname="es.uvigo.esei.dai.hybridserver.week11.WelcomeAndListsMultipleServersTestCase" name="testHtmlList[Hybrid Server 2]" time="1.429" />
  <testcase classname="es.uvigo.esei.dai.hybridserver.week11.WelcomeAndListsMultipleServersTestCase" name="testWelcome[Hybrid Server 2]" time="1.37" />
  <testcase classname="es.uvigo.esei.dai.hybridserver.week11.WelcomeAndListsMultipleServersTestCase" name="testXsltList[Hybrid Server 2]" time="1.412" />
  <testcase classname="es.uvigo.esei.dai.hybridserver.week11.WelcomeAndListsMultipleServersTestCase" name="testXmlList[Hybrid Server 2]" time="1.404" />
  <testcase classname="es.uvigo.esei.dai.hybridserver.week11.WelcomeAndListsMultipleServersTestCase" name="testXsdList[Hybrid Server 2]" time="1.373" />
  <testcase classname="es.uvigo.esei.dai.hybridserver.week11.WelcomeAndListsMultipleServersTestCase" name="testHtmlList[Hybrid Server 3]" time="1.368" />
  <testcase classname="es.uvigo.esei.dai.hybridserver.week11.WelcomeAndListsMultipleServersTestCase" name="testWelcome[Hybrid Server 3]" time="1.333" />
  <testcase classname="es.uvigo.esei.dai.hybridserver.week11.WelcomeAndListsMultipleServersTestCase" name="testXsltList[Hybrid Server 3]" time="1.368" />
  <testcase classname="es.uvigo.esei.dai.hybridserver.week11.WelcomeAndListsMultipleServersTestCase" name="testXmlList[Hybrid Server 3]" time="1.356" />
  <testcase classname="es.uvigo.esei.dai.hybridserver.week11.WelcomeAndListsMultipleServersTestCase" name="testXsdList[Hybrid Server 3]" time="1.378" />
  <testcase classname="es.uvigo.esei.dai.hybridserver.week11.WelcomeAndListsMultipleServersTestCase" name="testHtmlList[Hybrid Server 4]" time="1.404" />
  <testcase classname="es.uvigo.esei.dai.hybridserver.week11.WelcomeAndListsMultipleServersTestCase" name="testWelcome[Hybrid Server 4]" time="1.291" />
  <testcase classname="es.uvigo.esei.dai.hybridserver.week11.WelcomeAndListsMultipleServersTestCase" name="testXsltList[Hybrid Server 4]" time="1.38" />
  <testcase classname="es.uvigo.esei.dai.hybridserver.week11.WelcomeAndListsMultipleServersTestCase" name="testXmlList[Hybrid Server 4]" time="1.364" />
  <testcase classname="es.uvigo.esei.dai.hybridserver.week11.WelcomeAndListsMultipleServersTestCase" name="testXsdList[Hybrid Server 4]" time="1.357" />
  <testcase classname="es.uvigo.esei.dai.hybridserver.week11.HtmlMultipleServersTestCase" name="testGetLocales[Hybrid Server 1]" time="5.439" />
  <testcase classname="es.uvigo.esei.dai.hybridserver.week11.HtmlMultipleServersTestCase" name="testGetRemotes[Hybrid Server 1]" time="16.097" />
  <testcase classname="es.uvigo.esei.dai.hybridserver.week11.HtmlMultipleServersTestCase" name="testInvalid[Hybrid Server 1]" time="10.775" />
  <testcase classname="es.uvigo.esei.dai.hybridserver.week11.HtmlMultipleServersTestCase" name="testGetLocales[Hybrid Server 2]" time="5.433" />
  <testcase classname="es.uvigo.esei.dai.hybridserver.week11.HtmlMultipleServersTestCase" name="testGetRemotes[Hybrid Server 2]" time="16.032" />
  <testcase classname="es.uvigo.esei.dai.hybridserver.week11.HtmlMultipleServersTestCase" name="testInvalid[Hybrid Server 2]" time="10.697" />
  <testcase classname="es.uvigo.esei.dai.hybridserver.week11.HtmlMultipleServersTestCase" name="testGetLocales[Hybrid Server 3]" time="5.424" />
  <testcase classname="es.uvigo.esei.dai.hybridserver.week11.HtmlMultipleServersTestCase" name="testGetRemotes[Hybrid Server 3]" time="16.005" />
  <testcase classname="es.uvigo.esei.dai.hybridserver.week11.HtmlMultipleServersTestCase" name="testInvalid[Hybrid Server 3]" time="10.692" />
  <testcase classname="es.uvigo.esei.dai.hybridserver.week11.HtmlMultipleServersTestCase" name="testGetLocales[Hybrid Server 4]" time="5.417" />
  <testcase classname="es.uvigo.esei.dai.hybridserver.week11.HtmlMultipleServersTestCase" name="testGetRemotes[Hybrid Server 4]" time="16.0" />
  <testcase classname="es.uvigo.esei.dai.hybridserver.week11.HtmlMultipleServersTestCase" name="testInvalid[Hybrid Server 4]" time="10.683" />
  <testcase classname="es.uvigo.esei.dai.hybridserver.week11.XmlMultipleServersTestCase" name="testGetLocales[Hybrid Server 1]" time="2.318" />
  <testcase classname="es.uvigo.esei.dai.hybridserver.week11.XmlMultipleServersTestCase" name="testGetRemotes[Hybrid Server 1]" time="6.558" />
  <testcase classname="es.uvigo.esei.dai.hybridserver.week11.XmlMultipleServersTestCase" name="testInvalid[Hybrid Server 1]" time="10.689" />
  <testcase classname="es.uvigo.esei.dai.hybridserver.week11.XmlMultipleServersTestCase" name="testGetLocales[Hybrid Server 2]" time="2.295" />
  <testcase classname="es.uvigo.esei.dai.hybridserver.week11.XmlMultipleServersTestCase" name="testGetRemotes[Hybrid Server 2]" time="6.537" />
  <testcase classname="es.uvigo.esei.dai.hybridserver.week11.XmlMultipleServersTestCase" name="testInvalid[Hybrid Server 2]" time="10.705" />
  <testcase classname="es.uvigo.esei.dai.hybridserver.week11.XmlMultipleServersTestCase" name="testGetLocales[Hybrid Server 3]" time="2.297" />
  <testcase classname="es.uvigo.esei.dai.hybridserver.week11.XmlMultipleServersTestCase" name="testGetRemotes[Hybrid Server 3]" time="6.522" />
  <testcase classname="es.uvigo.esei.dai.hybridserver.week11.XmlMultipleServersTestCase" name="testInvalid[Hybrid Server 3]" time="10.699" />
  <testcase classname="es.uvigo.esei.dai.hybridserver.week11.XmlMultipleServersTestCase" name="testGetLocales[Hybrid Server 4]" time="2.31" />
  <testcase classname="es.uvigo.esei.dai.hybridserver.week11.XmlMultipleServersTestCase" name="testGetRemotes[Hybrid Server 4]" time="6.507" />
  <testcase classname="es.uvigo.esei.dai.hybridserver.week11.XmlMultipleServersTestCase" name="testInvalid[Hybrid Server 4]" time="10.65" />
  <testcase classname="es.uvigo.esei.dai.hybridserver.week11.XsdMultipleServersTestCase" name="testGetLocales[Hybrid Server 1]" time="2.344" />
  <testcase classname="es.uvigo.esei.dai.hybridserver.week11.XsdMultipleServersTestCase" name="testGetRemotes[Hybrid Server 1]" time="6.503" />
  <testcase classname="es.uvigo.esei.dai.hybridserver.week11.XsdMultipleServersTestCase" name="testInvalid[Hybrid Server 1]" time="10.7" />
  <testcase classname="es.uvigo.esei.dai.hybridserver.week11.XsdMultipleServersTestCase" name="testGetLocales[Hybrid Server 2]" time="2.31" />
  <testcase classname="es.uvigo.esei.dai.hybridserver.week11.XsdMultipleServersTestCase" name="testGetRemotes[Hybrid Server 2]" time="6.548" />
  <testcase classname="es.uvigo.esei.dai.hybridserver.week11.XsdMultipleServersTestCase" name="testInvalid[Hybrid Server 2]" time="10.678" />
  <testcase classname="es.uvigo.esei.dai.hybridserver.week11.XsdMultipleServersTestCase" name="testGetLocales[Hybrid Server 3]" time="2.305" />
  <testcase classname="es.uvigo.esei.dai.hybridserver.week11.XsdMultipleServersTestCase" name="testGetRemotes[Hybrid Server 3]" time="6.529" />
  <testcase classname="es.uvigo.esei.dai.hybridserver.week11.XsdMultipleServersTestCase" name="testInvalid[Hybrid Server 3]" time="10.646" />
  <testcase classname="es.uvigo.esei.dai.hybridserver.week11.XsdMultipleServersTestCase" name="testGetLocales[Hybrid Server 4]" time="2.308" />
  <testcase classname="es.uvigo.esei.dai.hybridserver.week11.XsdMultipleServersTestCase" name="testGetRemotes[Hybrid Server 4]" time="6.526" />
  <testcase classname="es.uvigo.esei.dai.hybridserver.week11.XsdMultipleServersTestCase" name="testInvalid[Hybrid Server 4]" time="10.666" />
  <testcase classname="es.uvigo.esei.dai.hybridserver.week11.XsltMultipleServersTestCase" name="testGetLocales[Hybrid Server 1]" time="2.293" />
  <testcase classname="es.uvigo.esei.dai.hybridserver.week11.XsltMultipleServersTestCase" name="testGetRemotes[Hybrid Server 1]" time="6.526" />
  <testcase classname="es.uvigo.esei.dai.hybridserver.week11.XsltMultipleServersTestCase" name="testInvalid[Hybrid Server 1]" time="10.659" />
  <testcase classname="es.uvigo.esei.dai.hybridserver.week11.XsltMultipleServersTestCase" name="testGetLocales[Hybrid Server 2]" time="2.294" />
  <testcase classname="es.uvigo.esei.dai.hybridserver.week11.XsltMultipleServersTestCase" name="testGetRemotes[Hybrid Server 2]" time="6.534" />
  <testcase classname="es.uvigo.esei.dai.hybridserver.week11.XsltMultipleServersTestCase" name="testInvalid[Hybrid Server 2]" time="10.665" />
  <testcase classname="es.uvigo.esei.dai.hybridserver.week11.XsltMultipleServersTestCase" name="testGetLocales[Hybrid Server 3]" time="2.304" />
  <testcase classname="es.uvigo.esei.dai.hybridserver.week11.XsltMultipleServersTestCase" name="testGetRemotes[Hybrid Server 3]" time="6.523" />
  <testcase classname="es.uvigo.esei.dai.hybridserver.week11.XsltMultipleServersTestCase" name="testInvalid[Hybrid Server 3]" time="10.664" />
  <testcase classname="es.uvigo.esei.dai.hybridserver.week11.XsltMultipleServersTestCase" name="testGetLocales[Hybrid Server 4]" time="2.301" />
  <testcase classname="es.uvigo.esei.dai.hybridserver.week11.XsltMultipleServersTestCase" name="testGetRemotes[Hybrid Server 4]" time="6.513" />
  <testcase classname="es.uvigo.esei.dai.hybridserver.week11.XsltMultipleServersTestCase" name="testInvalid[Hybrid Server 4]" time="10.66" />
  <testcase classname="es.uvigo.esei.dai.hybridserver.week11.TransformedMultipleServersTestCase" name="testBadXsltTransformations[Hybrid Server 1]" time="8.68" />
  <testcase classname="es.uvigo.esei.dai.hybridserver.week11.TransformedMultipleServersTestCase" name="testInvalidXsltTransformations[Hybrid Server 1]" time="4.54" />
  <testcase classname="es.uvigo.esei.dai.hybridserver.week11.TransformedMultipleServersTestCase" name="testBadXmlTransformations[Hybrid Server 1]" time="8.59" />
  <testcase classname="es.uvigo.esei.dai.hybridserver.week11.TransformedMultipleServersTestCase" name="testGetLocales[Hybrid Server 1]" time="2.371" />
  <testcase classname="es.uvigo.esei.dai.hybridserver.week11.TransformedMultipleServersTestCase" name="testCrossTransformations[Hybrid Server 1]" time="4.576" />
  <testcase classname="es.uvigo.esei.dai.hybridserver.week11.TransformedMultipleServersTestCase" name="testGetRemotes[Hybrid Server 1]" time="6.802" />
  <testcase classname="es.uvigo.esei.dai.hybridserver.week11.TransformedMultipleServersTestCase" name="testBadXsltTransformations[Hybrid Server 2]" time="8.667" />
  <testcase classname="es.uvigo.esei.dai.hybridserver.week11.TransformedMultipleServersTestCase" name="testInvalidXsltTransformations[Hybrid Server 2]" time="4.541" />
  <testcase classname="es.uvigo.esei.dai.hybridserver.week11.TransformedMultipleServersTestCase" name="testBadXmlTransformations[Hybrid Server 2]" time="8.559" />
  <testcase classname="es.uvigo.esei.dai.hybridserver.week11.TransformedMultipleServersTestCase" name="testGetLocales[Hybrid Server 2]" time="2.342" />
  <testcase classname="es.uvigo.esei.dai.hybridserver.week11.TransformedMultipleServersTestCase" name="testCrossTransformations[Hybrid Server 2]" time="4.577" />
  <testcase classname="es.uvigo.esei.dai.hybridserver.week11.TransformedMultipleServersTestCase" name="testGetRemotes[Hybrid Server 2]" time="6.799" />
  <testcase classname="es.uvigo.esei.dai.hybridserver.week11.TransformedMultipleServersTestCase" name="testBadXsltTransformations[Hybrid Server 3]" time="8.674" />
  <testcase classname="es.uvigo.esei.dai.hybridserver.week11.TransformedMultipleServersTestCase" name="testInvalidXsltTransformations[Hybrid Server 3]" time="4.543" />
  <testcase classname="es.uvigo.esei.dai.hybridserver.week11.TransformedMultipleServersTestCase" name="testBadXmlTransformations[Hybrid Server 3]" time="8.559" />
  <testcase classname="es.uvigo.esei.dai.hybridserver.week11.TransformedMultipleServersTestCase" name="testGetLocales[Hybrid Server 3]" time="2.366" />
  <testcase classname="es.uvigo.esei.dai.hybridserver.week11.TransformedMultipleServersTestCase" name="testCrossTransformations[Hybrid Server 3]" time="4.558" />
  <testcase classname="es.uvigo.esei.dai.hybridserver.week11.TransformedMultipleServersTestCase" name="testGetRemotes[Hybrid Server 3]" time="6.808" />
  <testcase classname="es.uvigo.esei.dai.hybridserver.week11.TransformedMultipleServersTestCase" name="testBadXsltTransformations[Hybrid Server 4]" time="8.676" />
  <testcase classname="es.uvigo.esei.dai.hybridserver.week11.TransformedMultipleServersTestCase" name="testInvalidXsltTransformations[Hybrid Server 4]" time="4.525" />
  <testcase classname="es.uvigo.esei.dai.hybridserver.week11.TransformedMultipleServersTestCase" name="testBadXmlTransformations[Hybrid Server 4]" time="8.579" />
  <testcase classname="es.uvigo.esei.dai.hybridserver.week11.TransformedMultipleServersTestCase" name="testGetLocales[Hybrid Server 4]" time="2.334" />
  <testcase classname="es.uvigo.esei.dai.hybridserver.week11.TransformedMultipleServersTestCase" name="testCrossTransformations[Hybrid Server 4]" time="4.559" />
  <testcase classname="es.uvigo.esei.dai.hybridserver.week11.TransformedMultipleServersTestCase" name="testGetRemotes[Hybrid Server 4]" time="6.76" />
  <system-out><![CDATA[]]></system-out>
  <system-err><![CDATA[Servidor 'Down Server' caído
Servidor 'Down Server' caído
Servidor 'Down Server' caído
Servidor 'Down Server' caído
Servidor 'Down Server' caído
Servidor 'Down Server' caído
Servidor 'Down Server' caído
Servidor 'Down Server' caído
Servidor 'Down Server' caído
Servidor 'Down Server' caído
Servidor 'Down Server' caído
Servidor 'Down Server' caído
Servidor 'Down Server' caído
Servidor 'Down Server' caído
Servidor 'Down Server' caído
Servidor 'Down Server' caído
Servidor 'Down Server' caído
Servidor 'Down Server' caído
Servidor 'Down Server' caído
Servidor 'Down Server' caído
Servidor 'Down Server' caído
Servidor 'Down Server' caído
Servidor 'Down Server' caído
Servidor 'Down Server' caído
Servidor 'Down Server' caído
Servidor 'Down Server' caído
Servidor 'Down Server' caído
Servidor 'Down Server' caído
Servidor 'Down Server' caído
Servidor 'Down Server' caído
Servidor 'Down Server' caído
Servidor 'Down Server' caído
Servidor 'Down Server' caído
Servidor 'Down Server' caído
Servidor 'Down Server' caído
Servidor 'Down Server' caído
Servidor 'Down Server' caído
Servidor 'Down Server' caído
Servidor 'Down Server' caído
Servidor 'Down Server' caído
Servidor 'Down Server' caído
Servidor 'Down Server' caído
Servidor 'Down Server' caído
Servidor 'Down Server' caído
Servidor 'Down Server' caído
Servidor 'Down Server' caído
Servidor 'Down Server' caído
Servidor 'Down Server' caído
Servidor 'Down Server' caído
Servidor 'Down Server' caído
Servidor 'Down Server' caído
Servidor 'Down Server' caído
Servidor 'Down Server' caído
Servidor 'Down Server' caído
Servidor 'Down Server' caído
Servidor 'Down Server' caído
Servidor 'Down Server' caído
Servidor 'Down Server' caído
Servidor 'Down Server' caído
Servidor 'Down Server' caído
Servidor 'Down Server' caído
Servidor 'Down Server' caído
Servidor 'Down Server' caído
Servidor 'Down Server' caído
Servidor 'Down Server' caído
Servidor 'Down Server' caído
Servidor 'Down Server' caído
Servidor 'Down Server' caído
Servidor 'Down Server' caído
Servidor 'Down Server' caído
Servidor 'Down Server' caído
Servidor 'Down Server' caído
Servidor 'Down Server' caído
Servidor 'Down Server' caído
Servidor 'Down Server' caído
Servidor 'Down Server' caído
Servidor 'Down Server' caído
Servidor 'Down Server' caído
Servidor 'Down Server' caído
Servidor 'Down Server' caído
Servidor 'Down Server' caído
Servidor 'Down Server' caído
Servidor 'Down Server' caído
Servidor 'Down Server' caído
Servidor 'Down Server' caído
Servidor 'Down Server' caído
Servidor 'Down Server' caído
Servidor 'Down Server' caído
Servidor 'Down Server' caído
Servidor 'Down Server' caído
Servidor 'Down Server' caído
Servidor 'Down Server' caído
Servidor 'Down Server' caído
Servidor 'Down Server' caído
Servidor 'Down Server' caído
Servidor 'Down Server' caído
Servidor 'Down Server' caído
Servidor 'Down Server' caído
Servidor 'Down Server' caído
Servidor 'Down Server' caído
Servidor 'Down Server' caído
Servidor 'Down Server' caído
Servidor 'Down Server' caído
Servidor 'Down Server' caído
Servidor 'Down Server' caído
Servidor 'Down Server' caído
Servidor 'Down Server' caído
Servidor 'Down Server' caído
Servidor 'Down Server' caído
Servidor 'Down Server' caído
Servidor 'Down Server' caído
Servidor 'Down Server' caído
Servidor 'Down Server' caído
Servidor 'Down Server' caído
Servidor 'Down Server' caído
Servidor 'Down Server' caído
Servidor 'Down Server' caído
Servidor 'Down Server' caído
Servidor 'Down Server' caído
Servidor 'Down Server' caído
Servidor 'Down Server' caído
Servidor 'Down Server' caído
Servidor 'Down Server' caído
Servidor 'Down Server' caído
Servidor 'Down Server' caído
Servidor 'Down Server' caído
Servidor 'Down Server' caído
Servidor 'Down Server' caído
Servidor 'Down Server' caído
Servidor 'Down Server' caído
Servidor 'Down Server' caído
Servidor 'Down Server' caído
Servidor 'Down Server' caído
Servidor 'Down Server' caído
Servidor 'Down Server' caído
Servidor 'Down Server' caído
Servidor 'Down Server' caído
Servidor 'Down Server' caído
Servidor 'Down Server' caído
Servidor 'Down Server' caído
Servidor 'Down Server' caído
Servidor 'Down Server' caído
Servidor 'Down Server' caído
Servidor 'Down Server' caído
Servidor 'Down Server' caído
Servidor 'Down Server' caído
Servidor 'Down Server' caído
Servidor 'Down Server' caído
Servidor 'Down Server' caído
Servidor 'Down Server' caído
Servidor 'Down Server' caído
Servidor 'Down Server' caído
Servidor 'Down Server' caído
Servidor 'Down Server' caído
Servidor 'Down Server' caído
Servidor 'Down Server' caído
Servidor 'Down Server' caído
Servidor 'Down Server' caído
Servidor 'Down Server' caído
Servidor 'Down Server' caído
Servidor 'Down Server' caído
Servidor 'Down Server' caído
Servidor 'Down Server' caído
Servidor 'Down Server' caído
Servidor 'Down Server' caído
Servidor 'Down Server' caído
Servidor 'Down Server' caído
Servidor 'Down Server' caído
Servidor 'Down Server' caído
Servidor 'Down Server' caído
Servidor 'Down Server' caído
Servidor 'Down Server' caído
Servidor 'Down Server' caído
Servidor 'Down Server' caído
Servidor 'Down Server' caído
Servidor 'Down Server' caído
Servidor 'Down Server' caído
Servidor 'Down Server' caído
Servidor 'Down Server' caído
Servidor 'Down Server' caído
Servidor 'Down Server' caído
Servidor 'Down Server' caído
Servidor 'Down Server' caído
Servidor 'Down Server' caído
Servidor 'Down Server' caído
Servidor 'Down Server' caído
Servidor 'Down Server' caído
Servidor 'Down Server' caído
Servidor 'Down Server' caído
Servidor 'Down Server' caído
Servidor 'Down Server' caído
Servidor 'Down Server' caído
Servidor 'Down Server' caído
Servidor 'Down Server' caído
Servidor 'Down Server' caído
Servidor 'Down Server' caído
Servidor 'Down Server' caído
Servidor 'Down Server' caído
Servidor 'Down Server' caído
Servidor 'Down Server' caído
Servidor 'Down Server' caído
Servidor 'Down Server' caído
Servidor 'Down Server' caído
Servidor 'Down Server' caído
Servidor 'Down Server' caído
Servidor 'Down Server' caído
Servidor 'Down Server' caído
Servidor 'Down Server' caído
Servidor 'Down Server' caído
Servidor 'Down Server' caído
Servidor 'Down Server' caído
Servidor 'Down Server' caído
Servidor 'Down Server' caído
Servidor 'Down Server' caído
Servidor 'Down Server' caído
Servidor 'Down Server' caído
Servidor 'Down Server' caído
Servidor 'Down Server' caído
Servidor 'Down Server' caído
Servidor 'Down Server' caído
Servidor 'Down Server' caído
Servidor 'Down Server' caído
Servidor 'Down Server' caído
Servidor 'Down Server' caído
Servidor 'Down Server' caído
Servidor 'Down Server' caído
Servidor 'Down Server' caído
Servidor 'Down Server' caído
Servidor 'Down Server' caído
Servidor 'Down Server' caído
Servidor 'Down Server' caído
Servidor 'Down Server' caído
Servidor 'Down Server' caído
Servidor 'Down Server' caído
Servidor 'Down Server' caído
Servidor 'Down Server' caído
Servidor 'Down Server' caído
Servidor 'Down Server' caído
Servidor 'Down Server' caído
Servidor 'Down Server' caído
Servidor 'Down Server' caído
Servidor 'Down Server' caído
Servidor 'Down Server' caído
Servidor 'Down Server' caído
Servidor 'Down Server' caído
Servidor 'Down Server' caído
Servidor 'Down Server' caído
Servidor 'Down Server' caído
Servidor 'Down Server' caído
Servidor 'Down Server' caído
Servidor 'Down Server' caído
Servidor 'Down Server' caído
Servidor 'Down Server' caído
Servidor 'Down Server' caído
Servidor 'Down Server' caído
Servidor 'Down Server' caído
Servidor 'Down Server' caído
Servidor 'Down Server' caído
Servidor 'Down Server' caído
Servidor 'Down Server' caído
Servidor 'Down Server' caído
Servidor 'Down Server' caído
Servidor 'Down Server' caído
Servidor 'Down Server' caído
Servidor 'Down Server' caído
Servidor 'Down Server' caído
Servidor 'Down Server' caído
Servidor 'Down Server' caído
Servidor 'Down Server' caído
Servidor 'Down Server' caído
Servidor 'Down Server' caído
Servidor 'Down Server' caído
Servidor 'Down Server' caído
Servidor 'Down Server' caído
Servidor 'Down Server' caído
Servidor 'Down Server' caído
Servidor 'Down Server' caído
Servidor 'Down Server' caído
Servidor 'Down Server' caído
Servidor 'Down Server' caído
Servidor 'Down Server' caído
Servidor 'Down Server' caído
Servidor 'Down Server' caído
Servidor 'Down Server' caído
Servidor 'Down Server' caído
Servidor 'Down Server' caído
Servidor 'Down Server' caído
Servidor 'Down Server' caído
Servidor 'Down Server' caído
Servidor 'Down Server' caído
Servidor 'Down Server' caído
Servidor 'Down Server' caído
Servidor 'Down Server' caído
Servidor 'Down Server' caído
Servidor 'Down Server' caído
Servidor 'Down Server' caído
Servidor 'Down Server' caído
Servidor 'Down Server' caído
Servidor 'Down Server' caído
Servidor 'Down Server' caído
Servidor 'Down Server' caído
Servidor 'Down Server' caído
Servidor 'Down Server' caído
Servidor 'Down Server' caído
Servidor 'Down Server' caído
Servidor 'Down Server' caído
Servidor 'Down Server' caído
Servidor 'Down Server' caído
Servidor 'Down Server' caído
Servidor 'Down Server' caído
Servidor 'Down Server' caído
Servidor 'Down Server' caído
Servidor 'Down Server' caído
Servidor 'Down Server' caído
Servidor 'Down Server' caído
Servidor 'Down Server' caído
Servidor 'Down Server' caído
Servidor 'Down Server' caído
Servidor 'Down Server' caído
Servidor 'Down Server' caído
Servidor 'Down Server' caído
Servidor 'Down Server' caído
Servidor 'Down Server' caído
Servidor 'Down Server' caído
Servidor 'Down Server' caído
Servidor 'Down Server' caído
Servidor 'Down Server' caído
Servidor 'Down Server' caído
Servidor 'Down Server' caído
Servidor 'Down Server' caído
Servidor 'Down Server' caído
Servidor 'Down Server' caído
Servidor 'Down Server' caído
Servidor 'Down Server' caído
Servidor 'Down Server' caído
Servidor 'Down Server' caído
Servidor 'Down Server' caído
Servidor 'Down Server' caído
Servidor 'Down Server' caído
Servidor 'Down Server' caído
Servidor 'Down Server' caído
Servidor 'Down Server' caído
Servidor 'Down Server' caído
Servidor 'Down Server' caído
Servidor 'Down Server' caído
Servidor 'Down Server' caído
Servidor 'Down Server' caído
Servidor 'Down Server' caído
Servidor 'Down Server' caído
Servidor 'Down Server' caído
Servidor 'Down Server' caído
Servidor 'Down Server' caído
Servidor 'Down Server' caído
Servidor 'Down Server' caído
Servidor 'Down Server' caído
Servidor 'Down Server' caído
Servidor 'Down Server' caído
Servidor 'Down Server' caído
Servidor 'Down Server' caído
Servidor 'Down Server' caído
Servidor 'Down Server' caído
Servidor 'Down Server' caído
Servidor 'Down Server' caído
Servidor 'Down Server' caído
Servidor 'Down Server' caído
Servidor 'Down Server' caído
Servidor 'Down Server' caído
Servidor 'Down Server' caído
Servidor 'Down Server' caído
Servidor 'Down Server' caído
Servidor 'Down Server' caído
Servidor 'Down Server' caído
Servidor 'Down Server' caído
Servidor 'Down Server' caído
Servidor 'Down Server' caído
Servidor 'Down Server' caído
Servidor 'Down Server' caído
Servidor 'Down Server' caído
Servidor 'Down Server' caído
Servidor 'Down Server' caído
Servidor 'Down Server' caído
Servidor 'Down Server' caído
Servidor 'Down Server' caído
Servidor 'Down Server' caído
Servidor 'Down Server' caído
Servidor 'Down Server' caído
Servidor 'Down Server' caído
Servidor 'Down Server' caído
Servidor 'Down Server' caído
Servidor 'Down Server' caído
Servidor 'Down Server' caído
Servidor 'Down Server' caído
Servidor 'Down Server' caído
Servidor 'Down Server' caído
Servidor 'Down Server' caído
Servidor 'Down Server' caído
Servidor 'Down Server' caído
Servidor 'Down Server' caído
Servidor 'Down Server' caído
Servidor 'Down Server' caído
Servidor 'Down Server' caído
Servidor 'Down Server' caído
Servidor 'Down Server' caído
Servidor 'Down Server' caído
Servidor 'Down Server' caído
Servidor 'Down Server' caído
Servidor 'Down Server' caído
Servidor 'Down Server' caído
Servidor 'Down Server' caído
Servidor 'Down Server' caído
Servidor 'Down Server' caído
Servidor 'Down Server' caído
Servidor 'Down Server' caído
Servidor 'Down Server' caído
Servidor 'Down Server' caído
Servidor 'Down Server' caído
Servidor 'Down Server' caído
Servidor 'Down Server' caído
Servidor 'Down Server' caído
Servidor 'Down Server' caído
Servidor 'Down Server' caído
Servidor 'Down Server' caído
Servidor 'Down Server' caído
Servidor 'Down Server' caído
Servidor 'Down Server' caído
Servidor 'Down Server' caído
Servidor 'Down Server' caído
Servidor 'Down Server' caído
Servidor 'Down Server' caído
Servidor 'Down Server' caído
Servidor 'Down Server' caído
Servidor 'Down Server' caído
Servidor 'Down Server' caído
Servidor 'Down Server' caído
Servidor 'Down Server' caído
Servidor 'Down Server' caído
Servidor 'Down Server' caído
Servidor 'Down Server' caído
Servidor 'Down Server' caído
Servidor 'Down Server' caído
Servidor 'Down Server' caído
Servidor 'Down Server' caído
Servidor 'Down Server' caído
Servidor 'Down Server' caído
Servidor 'Down Server' caído
Servidor 'Down Server' caído
Servidor 'Down Server' caído
Servidor 'Down Server' caído
Servidor 'Down Server' caído
Servidor 'Down Server' caído
Servidor 'Down Server' caído
Servidor 'Down Server' caído
Servidor 'Down Server' caído
Servidor 'Down Server' caído
Servidor 'Down Server' caído
Servidor 'Down Server' caído
Servidor 'Down Server' caído
Servidor 'Down Server' caído
Servidor 'Down Server' caído
Servidor 'Down Server' caído
Servidor 'Down Server' caído
Servidor 'Down Server' caído
Servidor 'Down Server' caído
Servidor 'Down Server' caído
Servidor 'Down Server' caído
Servidor 'Down Server' caído
Servidor 'Down Server' caído
Servidor 'Down Server' caído
Servidor 'Down Server' caído
Servidor 'Down Server' caído
Servidor 'Down Server' caído
Servidor 'Down Server' caído
Servidor 'Down Server' caído
Servidor 'Down Server' caído
Servidor 'Down Server' caído
Servidor 'Down Server' caído
Servidor 'Down Server' caído
Servidor 'Down Server' caído
Servidor 'Down Server' caído
Servidor 'Down Server' caído
Servidor 'Down Server' caído
Servidor 'Down Server' caído
Servidor 'Down Server' caído
Servidor 'Down Server' caído
]]></system-err>
</testsuite>
